<?xml version="1.0" encoding="UTF-8"?>
<!-- Generated by org.testng.reporters.JUnitXMLReporter -->
<testsuite hostname="dosysnet071" ignored="1" name="Test" tests="26" failures="2" timestamp="2019-12-05T19:50:16 IST" time="999.218" errors="0">
  <testcase name="navigationFlowCheck" time="87.241" classname="com.dreamorbit.scripts.NavigationCheckOnDrawerOptions"/>
  <testcase name="verifyLogout" time="31.984" classname="com.dreamorbit.scripts.LogoutVerification"/>
  <testcase name="testDecryptParticipants" time="11.555" classname="com.dreamorbit.scripts.DecryptParticipantsVerification"/>
  <testcase name="searchResearcherValid" time="62.104" classname="com.dreamorbit.scripts.TestSearchResearcher"/>
  <testcase name="rstpwdVerification" time="14.967" classname="com.dreamorbit.scripts.TestResetPasswordValid"/>
  <testcase name="jsonDownloadCheck" time="17.487" classname="com.dreamorbit.scripts.NavigationCheckUploadsLink"/>
  <testcase name="VerifyTokenCheck" time="21.705" classname="com.dreamorbit.scripts.VerifyTokenToggleBTN"/>
  <testcase name="TestpersonalInfoDecrypt" time="25.947" classname="com.dreamorbit.scripts.PersonalInfoDecrypt"/>
  <testcase name="testShowHidePWD" time="0.817" classname="com.dreamorbit.scripts.TestShowHidePassword"/>
  <testcase name="jsonDownloadInvalidSkey" time="21.13" classname="com.dreamorbit.scripts.JsonDownloadInvalidSkey"/>
  <testcase name="jsonDownloadIncorrectSkey" time="29.041" classname="com.dreamorbit.scripts.JsonDownloadInvalidSkey"/>
  <testcase name="jsonDownloadCheck" time="15.679" classname="com.dreamorbit.scripts.JsonDownloadValidSkey"/>
  <testcase name="testValidlogin" time="8.628" classname="com.dreamorbit.scripts.TestValidLogin"/>
  <testcase name="setNotification" time="84.626" classname="com.dreamorbit.scripts.TestNotification"/>
  <testcase name="testInvalidlogin" time="21.298" classname="com.dreamorbit.scripts.TestInvalidLogin"/>
  <testcase name="ratingAvgCheck" time="46.121" classname="com.dreamorbit.scripts.TestUserRating">
    <failure type="java.lang.AssertionError" message="expected:&amp;lt;4.6&amp;gt; but was:&amp;lt;4.2&amp;gt;">
      <![CDATA[java.lang.AssertionError: expected:<4.6> but was:<4.2>
at com.dreamorbit.scripts.TestUserRating.ratingAvgCheck(TestUserRating.java:80)
at java.util.ArrayList.forEach(Unknown Source)
... Removed 29 stack frames]]>
    </failure>
  </testcase> <!-- ratingAvgCheck -->
  <testcase name="testSaveSessionKey" time="30.959" classname="com.dreamorbit.scripts.VerifySaveKeyForSession">
    <failure type="org.openqa.selenium.NoSuchElementException" message="no such element: Unable to locate element: {&amp;quot;method&amp;quot;:&amp;quot;xpath&amp;quot;,&amp;quot;selector&amp;quot;:&amp;quot;//th[.=&amp;apos;No.&amp;apos;]/ancestor::table/tbody[1]/tr[2]/td[4]/a[@class=&amp;apos;text-upload&amp;apos;]&amp;quot;}
  (Session info: chrome=78.0.3904.108)
For documentation on this error, please visit: https://www.seleniumhq.org/exceptions/no_such_element.html
Build info: version: &amp;apos;3.141.59&amp;apos;, revision: &amp;apos;e82be7d358&amp;apos;, time: &amp;apos;2018-11-14T08:17:03&amp;apos;
System info: host: &amp;apos;DOSYSNET071&amp;apos;, ip: &amp;apos;172.30.244.134&amp;apos;, os.name: &amp;apos;Windows 8.1&amp;apos;, os.arch: &amp;apos;amd64&amp;apos;, os.version: &amp;apos;6.3&amp;apos;, java.version: &amp;apos;1.8.0_191&amp;apos;
Driver info: org.openqa.selenium.chrome.ChromeDriver
Capabilities {acceptInsecureCerts: false, browserName: chrome, browserVersion: 78.0.3904.108, chrome: {chromedriverVersion: 77.0.3865.40 (f484704e052e0..., userDataDir: C:\Users\karthik.m\AppData\...}, goog:chromeOptions: {debuggerAddress: localhost:56077}, javascriptEnabled: true, networkConnectionEnabled: false, pageLoadStrategy: normal, platform: XP, platformName: XP, proxy: Proxy(), setWindowRect: true, strictFileInteractability: false, timeouts: {implicit: 0, pageLoad: 300000, script: 30000}, unhandledPromptBehavior: dismiss and notify}
Session ID: 6e2b030345daf8d4274ce4414556b739
*** Element info: {Using=xpath, value=//th[.=&amp;apos;No.&amp;apos;]/ancestor::table/tbody[1]/tr[2]/td[4]/a[@class=&amp;apos;text-upload&amp;apos;]}">
      <![CDATA[org.openqa.selenium.NoSuchElementException: no such element: Unable to locate element: {"method":"xpath","selector":"//th[.='No.']/ancestor::table/tbody[1]/tr[2]/td[4]/a[@class='text-upload']"}
  (Session info: chrome=78.0.3904.108)
For documentation on this error, please visit: https://www.seleniumhq.org/exceptions/no_such_element.html
Build info: version: '3.141.59', revision: 'e82be7d358', time: '2018-11-14T08:17:03'
System info: host: 'DOSYSNET071', ip: '172.30.244.134', os.name: 'Windows 8.1', os.arch: 'amd64', os.version: '6.3', java.version: '1.8.0_191'
Driver info: org.openqa.selenium.chrome.ChromeDriver
Capabilities {acceptInsecureCerts: false, browserName: chrome, browserVersion: 78.0.3904.108, chrome: {chromedriverVersion: 77.0.3865.40 (f484704e052e0..., userDataDir: C:\Users\karthik.m\AppData\...}, goog:chromeOptions: {debuggerAddress: localhost:56077}, javascriptEnabled: true, networkConnectionEnabled: false, pageLoadStrategy: normal, platform: XP, platformName: XP, proxy: Proxy(), setWindowRect: true, strictFileInteractability: false, timeouts: {implicit: 0, pageLoad: 300000, script: 30000}, unhandledPromptBehavior: dismiss and notify}
Session ID: 6e2b030345daf8d4274ce4414556b739
*** Element info: {Using=xpath, value=//th[.='No.']/ancestor::table/tbody[1]/tr[2]/td[4]/a[@class='text-upload']}
at org.openqa.selenium.remote.http.W3CHttpResponseCodec.createException(W3CHttpResponseCodec.java:187)
at org.openqa.selenium.remote.http.W3CHttpResponseCodec.decode(W3CHttpResponseCodec.java:122)
at org.openqa.selenium.remote.http.W3CHttpResponseCodec.decode(W3CHttpResponseCodec.java:49)
at org.openqa.selenium.remote.HttpCommandExecutor.execute(HttpCommandExecutor.java:158)
at org.openqa.selenium.remote.service.DriverCommandExecutor.execute(DriverCommandExecutor.java:83)
at org.openqa.selenium.remote.RemoteWebDriver.execute(RemoteWebDriver.java:552)
at org.openqa.selenium.remote.RemoteWebDriver.findElement(RemoteWebDriver.java:323)
at org.openqa.selenium.remote.RemoteWebDriver.findElementByXPath(RemoteWebDriver.java:428)
at org.openqa.selenium.By$ByXPath.findElement(By.java:353)
at org.openqa.selenium.remote.RemoteWebDriver.findElement(RemoteWebDriver.java:315)
at org.openqa.selenium.support.pagefactory.DefaultElementLocator.findElement(DefaultElementLocator.java:69)
at org.openqa.selenium.support.pagefactory.internal.LocatingElementHandler.invoke(LocatingElementHandler.java:38)
at com.sun.proxy.$Proxy9.click(Unknown Source)
at com.dreamorbit.pages.ParticipantListPage.clickUploads(ParticipantListPage.java:34)
at com.dreamorbit.scripts.VerifySaveKeyForSession.testSaveSessionKey(VerifySaveKeyForSession.java:75)
at java.util.ArrayList.forEach(Unknown Source)
... Removed 31 stack frames]]>
    </failure>
  </testcase> <!-- testSaveSessionKey -->
  <testcase name="ForgotPWDNavigationFlowCheck" time="0.306" classname="com.dreamorbit.scripts.ForgotPasswordCheck"/>
  <testcase name="forgotPasswordValid" time="21.867" classname="com.dreamorbit.scripts.ForgotPasswordCheck"/>
  <testcase name="forgotPasswordInValid" time="21.141" classname="com.dreamorbit.scripts.ForgotPasswordCheck"/>
  <testcase name="fPChkWithAttemptlimitExceeded" time="60.802" classname="com.dreamorbit.scripts.ForgotPasswordCheck"/>
  <testcase name="forgotPwdTologinNavigationChk" time="0.302" classname="com.dreamorbit.scripts.ForgotPasswordCheck"/>
  <testcase name="AddResearcherCheckValid" time="20.613" classname="com.dreamorbit.scripts.AddResearcherCheck"/>
  <testcase name="AddResearcherCheckInValid" time="28.12" classname="com.dreamorbit.scripts.AddResearcherCheck"/>
  <testcase name="auditRessearcherVerification" time="45.1" classname="com.dreamorbit.scripts.TestAuditRessearcher"/>
  <testcase name="totalParticipantNavigationCheck" time="19.06" classname="com.dreamorbit.scripts.LabelOptionsNavigationFlowCheck"/>
  <testcase name="sessionExpiryCheck" time="0.0" classname="com.dreamorbit.scripts.VerifySessionExpiry">
    <ignored/>
  </testcase> <!-- sessionExpiryCheck -->
</testsuite> <!-- Test -->
