<html>
<head>
<title>TestNG:  Test</title>
<link href="../testng.css" rel="stylesheet" type="text/css" />
<link href="../my-testng.css" rel="stylesheet" type="text/css" />

<style type="text/css">
.log { display: none;} 
.stack-trace { display: none;} 
</style>
<script type="text/javascript">
<!--
function flip(e) {
  current = e.style.display;
  if (current == 'block') {
    e.style.display = 'none';
    return 0;
  }
  else {
    e.style.display = 'block';
    return 1;
  }
}

function toggleBox(szDivId, elem, msg1, msg2)
{
  var res = -1;  if (document.getElementById) {
    res = flip(document.getElementById(szDivId));
  }
  else if (document.all) {
    // this is the way old msie versions work
    res = flip(document.all[szDivId]);
  }
  if(elem) {
    if(res == 0) elem.innerHTML = msg1; else elem.innerHTML = msg2;
  }

}

function toggleAllBoxes() {
  if (document.getElementsByTagName) {
    d = document.getElementsByTagName('div');
    for (i = 0; i < d.length; i++) {
      if (d[i].className == 'log') {
        flip(d[i]);
      }
    }
  }
}

// -->
</script>

</head>
<body>
<h2 align='center'>Test</h2><table border='1' align="center">
<tr>
<td>Tests passed/Failed/Skipped:</td><td>24/2/0</td>
</tr><tr>
<td>Started on:</td><td>Thu Dec 05 19:33:36 IST 2019</td>
</tr>
<tr><td>Total time:</td><td>999 seconds (999218 ms)</td>
</tr><tr>
<td>Included groups:</td><td></td>
</tr><tr>
<td>Excluded groups:</td><td></td>
</tr>
</table><p/>
<small><i>(Hover the method name to see the test class name)</i></small><p/>
<table width='100%' border='1' class='invocation-failed'>
<tr><td colspan='4' align='center'><b>FAILED TESTS</b></td></tr>
<tr><td><b>Test method</b></td>
<td width="30%"><b>Exception</b></td>
<td width="10%"><b>Time (seconds)</b></td>
<td><b>Instance</b></td>
</tr>
<tr>
<td title='com.dreamorbit.scripts.TestUserRating.ratingAvgCheck()'><b>ratingAvgCheck</b><br>Test class: com.dreamorbit.scripts.TestUserRating</td>
<td><div><pre>java.lang.AssertionError: expected:&lt;4.6&gt; but was:&lt;4.2&gt;
	at com.dreamorbit.scripts.TestUserRating.ratingAvgCheck(TestUserRating.java:80)
	at java.util.ArrayList.forEach(Unknown Source)
... Removed 29 stack frames</pre></div><a href='#' onClick='toggleBox("stack-trace1708650148", this, "Click to show all stack frames", "Click to hide stack frames")'>Click to show all stack frames</a>
<div class='stack-trace' id='stack-trace1708650148'><pre>java.lang.AssertionError: expected:&lt;4.6&gt; but was:&lt;4.2&gt;
	at org.testng.AssertJUnit.assertEquals(AssertJUnit.java:82)
	at org.testng.AssertJUnit.assertEquals(AssertJUnit.java:87)
	at com.dreamorbit.scripts.TestUserRating.ratingAvgCheck(TestUserRating.java:80)
	at sun.reflect.NativeMethodAccessorImpl.invoke0(Native Method)
	at sun.reflect.NativeMethodAccessorImpl.invoke(Unknown Source)
	at sun.reflect.DelegatingMethodAccessorImpl.invoke(Unknown Source)
	at java.lang.reflect.Method.invoke(Unknown Source)
	at org.testng.internal.MethodInvocationHelper.invokeMethod(MethodInvocationHelper.java:133)
	at org.testng.internal.TestInvoker.invokeMethod(TestInvoker.java:584)
	at org.testng.internal.TestInvoker.invokeTestMethod(TestInvoker.java:172)
	at org.testng.internal.MethodRunner.runInSequence(MethodRunner.java:46)
	at org.testng.internal.TestInvoker$MethodInvocationAgent.invoke(TestInvoker.java:804)
	at org.testng.internal.TestInvoker.invokeTestMethods(TestInvoker.java:145)
	at org.testng.internal.TestMethodWorker.invokeTestMethods(TestMethodWorker.java:146)
	at org.testng.internal.TestMethodWorker.run(TestMethodWorker.java:128)
	at java.util.ArrayList.forEach(Unknown Source)
	at org.testng.TestRunner.privateRun(TestRunner.java:770)
	at org.testng.TestRunner.run(TestRunner.java:591)
	at org.testng.SuiteRunner.runTest(SuiteRunner.java:402)
	at org.testng.SuiteRunner.runSequentially(SuiteRunner.java:396)
	at org.testng.SuiteRunner.privateRun(SuiteRunner.java:355)
	at org.testng.SuiteRunner.run(SuiteRunner.java:304)
	at org.testng.SuiteRunnerWorker.runSuite(SuiteRunnerWorker.java:53)
	at org.testng.SuiteRunnerWorker.run(SuiteRunnerWorker.java:96)
	at org.testng.TestNG.runSuitesSequentially(TestNG.java:1180)
	at org.testng.TestNG.runSuitesLocally(TestNG.java:1102)
	at org.testng.TestNG.runSuites(TestNG.java:1032)
	at org.testng.TestNG.run(TestNG.java:1000)
	at org.testng.remote.AbstractRemoteTestNG.run(AbstractRemoteTestNG.java:115)
	at org.testng.remote.RemoteTestNG.initAndRun(RemoteTestNG.java:251)
	at org.testng.remote.RemoteTestNG.main(RemoteTestNG.java:77)
</pre></div></td>
<td>46</td>
<td>com.dreamorbit.scripts.TestUserRating@5d76b067</td></tr>
<tr>
<td title='com.dreamorbit.scripts.VerifySaveKeyForSession.testSaveSessionKey()'><b>testSaveSessionKey</b><br>Test class: com.dreamorbit.scripts.VerifySaveKeyForSession</td>
<td><div><pre>org.openqa.selenium.NoSuchElementException: no such element: Unable to locate element: {&quot;method&quot;:&quot;xpath&quot;,&quot;selector&quot;:&quot;//th[.=&apos;No.&apos;]/ancestor::table/tbody[1]/tr[2]/td[4]/a[@class=&apos;text-upload&apos;]&quot;}
  (Session info: chrome=78.0.3904.108)
For documentation on this error, please visit: https://www.seleniumhq.org/exceptions/no_such_element.html
Build info: version: &apos;3.141.59&apos;, revision: &apos;e82be7d358&apos;, time: &apos;2018-11-14T08:17:03&apos;
System info: host: &apos;DOSYSNET071&apos;, ip: &apos;172.30.244.134&apos;, os.name: &apos;Windows 8.1&apos;, os.arch: &apos;amd64&apos;, os.version: &apos;6.3&apos;, java.version: &apos;1.8.0_191&apos;
Driver info: org.openqa.selenium.chrome.ChromeDriver
Capabilities {acceptInsecureCerts: false, browserName: chrome, browserVersion: 78.0.3904.108, chrome: {chromedriverVersion: 77.0.3865.40 (f484704e052e0..., userDataDir: C:\Users\karthik.m\AppData\...}, goog:chromeOptions: {debuggerAddress: localhost:56077}, javascriptEnabled: true, networkConnectionEnabled: false, pageLoadStrategy: normal, platform: XP, platformName: XP, proxy: Proxy(), setWindowRect: true, strictFileInteractability: false, timeouts: {implicit: 0, pageLoad: 300000, script: 30000}, unhandledPromptBehavior: dismiss and notify}
Session ID: 6e2b030345daf8d4274ce4414556b739
*** Element info: {Using=xpath, value=//th[.=&apos;No.&apos;]/ancestor::table/tbody[1]/tr[2]/td[4]/a[@class=&apos;text-upload&apos;]}
	at org.openqa.selenium.remote.http.W3CHttpResponseCodec.createException(W3CHttpResponseCodec.java:187)
	at org.openqa.selenium.remote.http.W3CHttpResponseCodec.decode(W3CHttpResponseCodec.java:122)
	at org.openqa.selenium.remote.http.W3CHttpResponseCodec.decode(W3CHttpResponseCodec.java:49)
	at org.openqa.selenium.remote.HttpCommandExecutor.execute(HttpCommandExecutor.java:158)
	at org.openqa.selenium.remote.service.DriverCommandExecutor.execute(DriverCommandExecutor.java:83)
	at org.openqa.selenium.remote.RemoteWebDriver.execute(RemoteWebDriver.java:552)
	at org.openqa.selenium.remote.RemoteWebDriver.findElement(RemoteWebDriver.java:323)
	at org.openqa.selenium.remote.RemoteWebDriver.findElementByXPath(RemoteWebDriver.java:428)
	at org.openqa.selenium.By$ByXPath.findElement(By.java:353)
	at org.openqa.selenium.remote.RemoteWebDriver.findElement(RemoteWebDriver.java:315)
	at org.openqa.selenium.support.pagefactory.DefaultElementLocator.findElement(DefaultElementLocator.java:69)
	at org.openqa.selenium.support.pagefactory.internal.LocatingElementHandler.invoke(LocatingElementHandler.java:38)
	at com.sun.proxy.$Proxy9.click(Unknown Source)
	at com.dreamorbit.pages.ParticipantListPage.clickUploads(ParticipantListPage.java:34)
	at com.dreamorbit.scripts.VerifySaveKeyForSession.testSaveSessionKey(VerifySaveKeyForSession.java:75)
	at java.util.ArrayList.forEach(Unknown Source)
... Removed 31 stack frames</pre></div><a href='#' onClick='toggleBox("stack-trace2090037997", this, "Click to show all stack frames", "Click to hide stack frames")'>Click to show all stack frames</a>
<div class='stack-trace' id='stack-trace2090037997'><pre>org.openqa.selenium.NoSuchElementException: no such element: Unable to locate element: {&quot;method&quot;:&quot;xpath&quot;,&quot;selector&quot;:&quot;//th[.=&apos;No.&apos;]/ancestor::table/tbody[1]/tr[2]/td[4]/a[@class=&apos;text-upload&apos;]&quot;}
  (Session info: chrome=78.0.3904.108)
For documentation on this error, please visit: https://www.seleniumhq.org/exceptions/no_such_element.html
Build info: version: &apos;3.141.59&apos;, revision: &apos;e82be7d358&apos;, time: &apos;2018-11-14T08:17:03&apos;
System info: host: &apos;DOSYSNET071&apos;, ip: &apos;172.30.244.134&apos;, os.name: &apos;Windows 8.1&apos;, os.arch: &apos;amd64&apos;, os.version: &apos;6.3&apos;, java.version: &apos;1.8.0_191&apos;
Driver info: org.openqa.selenium.chrome.ChromeDriver
Capabilities {acceptInsecureCerts: false, browserName: chrome, browserVersion: 78.0.3904.108, chrome: {chromedriverVersion: 77.0.3865.40 (f484704e052e0..., userDataDir: C:\Users\karthik.m\AppData\...}, goog:chromeOptions: {debuggerAddress: localhost:56077}, javascriptEnabled: true, networkConnectionEnabled: false, pageLoadStrategy: normal, platform: XP, platformName: XP, proxy: Proxy(), setWindowRect: true, strictFileInteractability: false, timeouts: {implicit: 0, pageLoad: 300000, script: 30000}, unhandledPromptBehavior: dismiss and notify}
Session ID: 6e2b030345daf8d4274ce4414556b739
*** Element info: {Using=xpath, value=//th[.=&apos;No.&apos;]/ancestor::table/tbody[1]/tr[2]/td[4]/a[@class=&apos;text-upload&apos;]}
	at sun.reflect.NativeConstructorAccessorImpl.newInstance0(Native Method)
	at sun.reflect.NativeConstructorAccessorImpl.newInstance(Unknown Source)
	at sun.reflect.DelegatingConstructorAccessorImpl.newInstance(Unknown Source)
	at java.lang.reflect.Constructor.newInstance(Unknown Source)
	at org.openqa.selenium.remote.http.W3CHttpResponseCodec.createException(W3CHttpResponseCodec.java:187)
	at org.openqa.selenium.remote.http.W3CHttpResponseCodec.decode(W3CHttpResponseCodec.java:122)
	at org.openqa.selenium.remote.http.W3CHttpResponseCodec.decode(W3CHttpResponseCodec.java:49)
	at org.openqa.selenium.remote.HttpCommandExecutor.execute(HttpCommandExecutor.java:158)
	at org.openqa.selenium.remote.service.DriverCommandExecutor.execute(DriverCommandExecutor.java:83)
	at org.openqa.selenium.remote.RemoteWebDriver.execute(RemoteWebDriver.java:552)
	at org.openqa.selenium.remote.RemoteWebDriver.findElement(RemoteWebDriver.java:323)
	at org.openqa.selenium.remote.RemoteWebDriver.findElementByXPath(RemoteWebDriver.java:428)
	at org.openqa.selenium.By$ByXPath.findElement(By.java:353)
	at org.openqa.selenium.remote.RemoteWebDriver.findElement(RemoteWebDriver.java:315)
	at org.openqa.selenium.support.pagefactory.DefaultElementLocator.findElement(DefaultElementLocator.java:69)
	at org.openqa.selenium.support.pagefactory.internal.LocatingElementHandler.invoke(LocatingElementHandler.java:38)
	at com.sun.proxy.$Proxy9.click(Unknown Source)
	at com.dreamorbit.pages.ParticipantListPage.clickUploads(ParticipantListPage.java:34)
	at com.dreamorbit.scripts.VerifySaveKeyForSession.testSaveSessionKey(VerifySaveKeyForSession.java:75)
	at sun.reflect.NativeMethodAccessorImpl.invoke0(Native Method)
	at sun.reflect.NativeMethodAccessorImpl.invoke(Unknown Source)
	at sun.reflect.DelegatingMethodAccessorImpl.invoke(Unknown Source)
	at java.lang.reflect.Method.invoke(Unknown Source)
	at org.testng.internal.MethodInvocationHelper.invokeMethod(MethodInvocationHelper.java:133)
	at org.testng.internal.TestInvoker.invokeMethod(TestInvoker.java:584)
	at org.testng.internal.TestInvoker.invokeTestMethod(TestInvoker.java:172)
	at org.testng.internal.MethodRunner.runInSequence(MethodRunner.java:46)
	at org.testng.internal.TestInvoker$MethodInvocationAgent.invoke(TestInvoker.java:804)
	at org.testng.internal.TestInvoker.invokeTestMethods(TestInvoker.java:145)
	at org.testng.internal.TestMethodWorker.invokeTestMethods(TestMethodWorker.java:146)
	at org.testng.internal.TestMethodWorker.run(TestMethodWorker.java:128)
	at java.util.ArrayList.forEach(Unknown Source)
	at org.testng.TestRunner.privateRun(TestRunner.java:770)
	at org.testng.TestRunner.run(TestRunner.java:591)
	at org.testng.SuiteRunner.runTest(SuiteRunner.java:402)
	at org.testng.SuiteRunner.runSequentially(SuiteRunner.java:396)
	at org.testng.SuiteRunner.privateRun(SuiteRunner.java:355)
	at org.testng.SuiteRunner.run(SuiteRunner.java:304)
	at org.testng.SuiteRunnerWorker.runSuite(SuiteRunnerWorker.java:53)
	at org.testng.SuiteRunnerWorker.run(SuiteRunnerWorker.java:96)
	at org.testng.TestNG.runSuitesSequentially(TestNG.java:1180)
	at org.testng.TestNG.runSuitesLocally(TestNG.java:1102)
	at org.testng.TestNG.runSuites(TestNG.java:1032)
	at org.testng.TestNG.run(TestNG.java:1000)
	at org.testng.remote.AbstractRemoteTestNG.run(AbstractRemoteTestNG.java:115)
	at org.testng.remote.RemoteTestNG.initAndRun(RemoteTestNG.java:251)
	at org.testng.remote.RemoteTestNG.main(RemoteTestNG.java:77)
</pre></div></td>
<td>30</td>
<td>com.dreamorbit.scripts.VerifySaveKeyForSession@2a17b7b6</td></tr>
</table><p>
<table width='100%' border='1' class='invocation-passed'>
<tr><td colspan='4' align='center'><b>PASSED TESTS</b></td></tr>
<tr><td><b>Test method</b></td>
<td width="30%"><b>Exception</b></td>
<td width="10%"><b>Time (seconds)</b></td>
<td><b>Instance</b></td>
</tr>
<tr>
<td title='com.dreamorbit.scripts.AddResearcherCheck.AddResearcherCheckInValid()'><b>AddResearcherCheckInValid</b><br>Test class: com.dreamorbit.scripts.AddResearcherCheck<br/>
<a href="#Output-1504964962" onClick='toggleBox("Output-1504964962", this, "Show output", "Hide output");'>Show output</a>

<a href="#Output-1504964962" onClick="toggleAllBoxes();">Show all outputs</a>
<div class='log' id="Output-1504964962">
Trying to add researcher with invalid email iD's - Testcase is passed<br/>
</div>
</td>
<td></td>
<td>28</td>
<td>com.dreamorbit.scripts.AddResearcherCheck@1e6d1014</td></tr>
<tr>
<td title='com.dreamorbit.scripts.AddResearcherCheck.AddResearcherCheckValid()'><b>AddResearcherCheckValid</b><br>Test class: com.dreamorbit.scripts.AddResearcherCheck<br/>
<a href="#Output-258793086" onClick='toggleBox("Output-258793086", this, "Show output", "Hide output");'>Show output</a>

<a href="#Output-258793086" onClick="toggleAllBoxes();">Show all outputs</a>
<div class='log' id="Output-258793086">
Researcher is getting added successfully- Test case is passed<br/>
Copy reseracher sKey to clip board -Test case is passed<br/>
</div>
</td>
<td></td>
<td>20</td>
<td>com.dreamorbit.scripts.AddResearcherCheck@1e6d1014</td></tr>
<tr>
<td title='com.dreamorbit.scripts.ForgotPasswordCheck.ForgotPWDNavigationFlowCheck()'><b>ForgotPWDNavigationFlowCheck</b><br>Test class: com.dreamorbit.scripts.ForgotPasswordCheck<br/>
<a href="#Output-640093047" onClick='toggleBox("Output-640093047", this, "Show output", "Hide output");'>Show output</a>

<a href="#Output-640093047" onClick="toggleAllBoxes();">Show all outputs</a>
<div class='log' id="Output-640093047">
Forgot password button NavigationFlowCheck- Testcase is passed<br/>
</div>
</td>
<td></td>
<td>0</td>
<td>com.dreamorbit.scripts.ForgotPasswordCheck@4f063c0a</td></tr>
<tr>
<td title='com.dreamorbit.scripts.PersonalInfoDecrypt.TestpersonalInfoDecrypt()'><b>TestpersonalInfoDecrypt</b><br>Test class: com.dreamorbit.scripts.PersonalInfoDecrypt<br/>
<a href="#Output-1128032955" onClick='toggleBox("Output-1128032955", this, "Show output", "Hide output");'>Show output</a>

<a href="#Output-1128032955" onClick="toggleAllBoxes();">Show all outputs</a>
<div class='log' id="Output-1128032955">
4 Uploads<br/>
Personal info decrypt via 4 Uploads uploads testcase is passed<br/>
</div>
</td>
<td></td>
<td>25</td>
<td>com.dreamorbit.scripts.PersonalInfoDecrypt@5e853265</td></tr>
<tr>
<td title='com.dreamorbit.scripts.VerifyTokenToggleBTN.VerifyTokenCheck()'><b>VerifyTokenCheck</b><br>Test class: com.dreamorbit.scripts.VerifyTokenToggleBTN<br/>
<a href="#Output-594586746" onClick='toggleBox("Output-594586746", this, "Show output", "Hide output");'>Show output</a>

<a href="#Output-594586746" onClick="toggleAllBoxes();">Show all outputs</a>
<div class='log' id="Output-594586746">
Verify Token updated successfully toast is displaying-test case passed<br/>
Verify Token OFF test case is passed<br/>
Verify Token updated successfully toast is displaying-test case passed<br/>
Verify Token On test case is passed<br/>
</div>
</td>
<td></td>
<td>21</td>
<td>com.dreamorbit.scripts.VerifyTokenToggleBTN@a7e666</td></tr>
<tr>
<td title='com.dreamorbit.scripts.TestAuditRessearcher.auditRessearcherVerification()'><b>auditRessearcherVerification</b><br>Test class: com.dreamorbit.scripts.TestAuditRessearcher<br/>
<a href="#Output-1669950711" onClick='toggleBox("Output-1669950711", this, "Show output", "Hide output");'>Show output</a>

<a href="#Output-1669950711" onClick="toggleAllBoxes();">Show all outputs</a>
<div class='log' id="Output-1669950711">
4 Uploads<br/>
Viewed Participant Details under Audit recorded- testcase passed<br/>
Viewed Participant Uploads under Audit recorded- testcase passed<br/>
Viewed Participant Listing activity under Audit recorded- testcase passed<br/>
Added new Researcher activity under Audit recorded- testcase passed<br/>
Researcher Login activity under Audit is recorded- testcase passed<br/>
</div>
</td>
<td></td>
<td>45</td>
<td>com.dreamorbit.scripts.TestAuditRessearcher@76707e36</td></tr>
<tr>
<td title='com.dreamorbit.scripts.ForgotPasswordCheck.fPChkWithAttemptlimitExceeded()'><b>fPChkWithAttemptlimitExceeded</b><br>Test class: com.dreamorbit.scripts.ForgotPasswordCheck<br/>
<a href="#Output-732108994" onClick='toggleBox("Output-732108994", this, "Show output", "Hide output");'>Show output</a>

<a href="#Output-732108994" onClick="toggleAllBoxes();">Show all outputs</a>
<div class='log' id="Output-732108994">
Forgot password feature with invalid Email attempt limit exceeds 5  - Testcase is passed<br/>
</div>
</td>
<td></td>
<td>60</td>
<td>com.dreamorbit.scripts.ForgotPasswordCheck@4f063c0a</td></tr>
<tr>
<td title='com.dreamorbit.scripts.ForgotPasswordCheck.forgotPasswordInValid()'><b>forgotPasswordInValid</b><br>Test class: com.dreamorbit.scripts.ForgotPasswordCheck<br/>
<a href="#Output-72847563" onClick='toggleBox("Output-72847563", this, "Show output", "Hide output");'>Show output</a>

<a href="#Output-72847563" onClick="toggleAllBoxes();">Show all outputs</a>
<div class='log' id="Output-72847563">
Forgot password feature with Invalid inputs - Testcase is passed<br/>
</div>
</td>
<td></td>
<td>21</td>
<td>com.dreamorbit.scripts.ForgotPasswordCheck@4f063c0a</td></tr>
<tr>
<td title='com.dreamorbit.scripts.ForgotPasswordCheck.forgotPasswordValid()'><b>forgotPasswordValid</b><br>Test class: com.dreamorbit.scripts.ForgotPasswordCheck<br/>
<a href="#Output-2090770896" onClick='toggleBox("Output-2090770896", this, "Show output", "Hide output");'>Show output</a>

<a href="#Output-2090770896" onClick="toggleAllBoxes();">Show all outputs</a>
<div class='log' id="Output-2090770896">
Forgot password feature with valid data is working as expected- Testcase is passed<br/>
Back navigation from Reset Password screen is working as expected - Testcase is passed<br/>
</div>
</td>
<td></td>
<td>21</td>
<td>com.dreamorbit.scripts.ForgotPasswordCheck@4f063c0a</td></tr>
<tr>
<td title='com.dreamorbit.scripts.ForgotPasswordCheck.forgotPwdTologinNavigationChk()'><b>forgotPwdTologinNavigationChk</b><br>Test class: com.dreamorbit.scripts.ForgotPasswordCheck<br/>
<a href="#Output-271502177" onClick='toggleBox("Output-271502177", this, "Show output", "Hide output");'>Show output</a>

<a href="#Output-271502177" onClick="toggleAllBoxes();">Show all outputs</a>
<div class='log' id="Output-271502177">
Login link in forgot password screen is working as expected-Testcase is passed<br/>
</div>
</td>
<td></td>
<td>0</td>
<td>com.dreamorbit.scripts.ForgotPasswordCheck@4f063c0a</td></tr>
<tr>
<td title='com.dreamorbit.scripts.NavigationCheckUploadsLink.jsonDownloadCheck()'><b>jsonDownloadCheck</b><br>Test class: com.dreamorbit.scripts.NavigationCheckUploadsLink<br/>
<a href="#Output-991875403" onClick='toggleBox("Output-991875403", this, "Show output", "Hide output");'>Show output</a>

<a href="#Output-991875403" onClick="toggleAllBoxes();">Show all outputs</a>
<div class='log' id="Output-991875403">
4 Uploads<br/>
true<br/>
Navigation flow on 4 Uploads link click testcase is passed<br/>
</div>
</td>
<td></td>
<td>17</td>
<td>com.dreamorbit.scripts.NavigationCheckUploadsLink@72b6cbcc</td></tr>
<tr>
<td title='com.dreamorbit.scripts.JsonDownloadValidSkey.jsonDownloadCheck()'><b>jsonDownloadCheck</b><br>Test class: com.dreamorbit.scripts.JsonDownloadValidSkey<br/>
<a href="#Output-2055501967" onClick='toggleBox("Output-2055501967", this, "Show output", "Hide output");'>Show output</a>

<a href="#Output-2055501967" onClick="toggleAllBoxes();">Show all outputs</a>
<div class='log' id="Output-2055501967">
Json Download testcase with valid symmetric key is passed<br/>
</div>
</td>
<td></td>
<td>15</td>
<td>com.dreamorbit.scripts.JsonDownloadValidSkey@7494e528</td></tr>
<tr>
<td title='com.dreamorbit.scripts.JsonDownloadInvalidSkey.jsonDownloadIncorrectSkey()'><b>jsonDownloadIncorrectSkey</b><br>Test class: com.dreamorbit.scripts.JsonDownloadInvalidSkey<br/>
<a href="#Output-1958242673" onClick='toggleBox("Output-1958242673", this, "Show output", "Hide output");'>Show output</a>

<a href="#Output-1958242673" onClick="toggleAllBoxes();">Show all outputs</a>
<div class='log' id="Output-1958242673">
invalidkey input counts =3<br/>
Invalid key<br/>
Json Download testcase with incorrect symmetric key is passed<br/>
Invalid key<br/>
Json Download testcase with incorrect symmetric key is passed<br/>
Invalid key<br/>
Json Download testcase with incorrect symmetric key is passed<br/>
</div>
</td>
<td></td>
<td>29</td>
<td>com.dreamorbit.scripts.JsonDownloadInvalidSkey@30b8a058</td></tr>
<tr>
<td title='com.dreamorbit.scripts.JsonDownloadInvalidSkey.jsonDownloadInvalidSkey()'><b>jsonDownloadInvalidSkey</b><br>Test class: com.dreamorbit.scripts.JsonDownloadInvalidSkey<br/>
<a href="#Output-388143137" onClick='toggleBox("Output-388143137", this, "Show output", "Hide output");'>Show output</a>

<a href="#Output-388143137" onClick="toggleAllBoxes();">Show all outputs</a>
<div class='log' id="Output-388143137">
Json Download testcase with invalid symmetric key is passed<br/>
Json Download testcase with invalid symmetric key is passed<br/>
</div>
</td>
<td></td>
<td>21</td>
<td>com.dreamorbit.scripts.JsonDownloadInvalidSkey@30b8a058</td></tr>
<tr>
<td title='com.dreamorbit.scripts.NavigationCheckOnDrawerOptions.navigationFlowCheck()'><b>navigationFlowCheck</b><br>Test class: com.dreamorbit.scripts.NavigationCheckOnDrawerOptions<br/>
<a href="#Output-1205483858" onClick='toggleBox("Output-1205483858", this, "Show output", "Hide output");'>Show output</a>

<a href="#Output-1205483858" onClick="toggleAllBoxes();">Show all outputs</a>
<div class='log' id="Output-1205483858">
Researcher page navigation testcase is passed<br/>
Rating page navigation testcase is passed<br/>
Studies page navigation testcase is passed<br/>
AuditResearcher page navigation testcase is passed<br/>
</div>
</td>
<td></td>
<td>87</td>
<td>com.dreamorbit.scripts.NavigationCheckOnDrawerOptions@7c29daf3</td></tr>
<tr>
<td title='com.dreamorbit.scripts.TestResetPasswordValid.rstpwdVerification()'><b>rstpwdVerification</b><br>Test class: com.dreamorbit.scripts.TestResetPasswordValid<br/>
<a href="#Output-836170750" onClick='toggleBox("Output-836170750", this, "Show output", "Hide output");'>Show output</a>

<a href="#Output-836170750" onClick="toggleAllBoxes();">Show all outputs</a>
<div class='log' id="Output-836170750">
Reset password testcase with valid data is passed<br/>
</div>
</td>
<td></td>
<td>14</td>
<td>com.dreamorbit.scripts.TestResetPasswordValid@6c49835d</td></tr>
<tr>
<td title='com.dreamorbit.scripts.TestSearchResearcher.searchResearcherValid()'><b>searchResearcherValid</b><br>Test class: com.dreamorbit.scripts.TestSearchResearcher<br/>
<a href="#Output-388436342" onClick='toggleBox("Output-388436342", this, "Show output", "Hide output");'>Show output</a>

<a href="#Output-388436342" onClick="toggleAllBoxes();">Show all outputs</a>
<div class='log' id="Output-388436342">
Researcher exact Search test case with existing data is passed<br/>
Researcher partial Search test case with existing data is passed<br/>
Clear button functionality in researcher search- testcase is passed <br/>
Researcher Search testcase with  non existing data is passed<br/>
</div>
</td>
<td></td>
<td>62</td>
<td>com.dreamorbit.scripts.TestSearchResearcher@5a8806ef</td></tr>
<tr>
<td title='com.dreamorbit.scripts.TestNotification.setNotification()'><b>setNotification</b><br>Test class: com.dreamorbit.scripts.TestNotification<br/>
<a href="#Output-1177568763" onClick='toggleBox("Output-1177568763", this, "Show output", "Hide output");'>Show output</a>

<a href="#Output-1177568763" onClick="toggleAllBoxes();">Show all outputs</a>
<div class='log' id="Output-1177568763">
Cancel button functionality in the Set Notification screen is working as expected- TestCase Passed<br/>
Days drop down is disabled on daily schedule selection-Test case passed <br/>
Notification is updating successfully for Daily schedule-Test case passed<br/>
Days drop down is Enabled on Weekly schedule selection-Test case passed <br/>
Notification is updating successfully for Weekly schedule-Test case passed<br/>
</div>
</td>
<td></td>
<td>84</td>
<td>com.dreamorbit.scripts.TestNotification@67205a84</td></tr>
<tr>
<td title='com.dreamorbit.scripts.DecryptParticipantsVerification.testDecryptParticipants()'><b>testDecryptParticipants</b><br>Test class: com.dreamorbit.scripts.DecryptParticipantsVerification<br/>
<a href="#Output-1655242052" onClick='toggleBox("Output-1655242052", this, "Show output", "Hide output");'>Show output</a>

<a href="#Output-1655242052" onClick="toggleAllBoxes();">Show all outputs</a>
<div class='log' id="Output-1655242052">
Participants Link Navigation under Actions - Testcase is  passed<br/>
Decrypt Participants in list with valid symmetric key -Testcase is Passed<br/>
Decrypt Participants button is Disabled after the decryption is done, Testcase is Passed<br/>
</div>
</td>
<td></td>
<td>11</td>
<td>com.dreamorbit.scripts.DecryptParticipantsVerification@9660f4e</td></tr>
<tr>
<td title='com.dreamorbit.scripts.TestInvalidLogin.testInvalidlogin()'><b>testInvalidlogin</b><br>Test class: com.dreamorbit.scripts.TestInvalidLogin<br/>
<a href="#Output-1409933277" onClick='toggleBox("Output-1409933277", this, "Show output", "Hide output");'>Show output</a>

<a href="#Output-1409933277" onClick="toggleAllBoxes();">Show all outputs</a>
<div class='log' id="Output-1409933277">
RowCount=3<br/>
Invalid login verification testcase is passed<br/>
Invalid login verification testcase is passed<br/>
Invalid login verification testcase is passed<br/>
</div>
</td>
<td></td>
<td>21</td>
<td>com.dreamorbit.scripts.TestInvalidLogin@7d0587f1</td></tr>
<tr>
<td title='com.dreamorbit.scripts.TestShowHidePassword.testShowHidePWD()'><b>testShowHidePWD</b><br>Test class: com.dreamorbit.scripts.TestShowHidePassword<br/>
<a href="#Output-1494158416" onClick='toggleBox("Output-1494158416", this, "Show output", "Hide output");'>Show output</a>

<a href="#Output-1494158416" onClick="toggleAllBoxes();">Show all outputs</a>
<div class='log' id="Output-1494158416">
Password is hidden on the first time input- testcase is passed<br/>
Show Password testcase is passed<br/>
Hide Password testcase is passed<br/>
</div>
</td>
<td></td>
<td>0</td>
<td>com.dreamorbit.scripts.TestShowHidePassword@68bbe345</td></tr>
<tr>
<td title='com.dreamorbit.scripts.TestValidLogin.testValidlogin()'><b>testValidlogin</b><br>Test class: com.dreamorbit.scripts.TestValidLogin<br/>
<a href="#Output-929066990" onClick='toggleBox("Output-929066990", this, "Show output", "Hide output");'>Show output</a>

<a href="#Output-929066990" onClick="toggleAllBoxes();">Show all outputs</a>
<div class='log' id="Output-929066990">
Login testcase with valid data is passed<br/>
</div>
</td>
<td></td>
<td>8</td>
<td>com.dreamorbit.scripts.TestValidLogin@4bbfb90a</td></tr>
<tr>
<td title='com.dreamorbit.scripts.LabelOptionsNavigationFlowCheck.totalParticipantNavigationCheck()'><b>totalParticipantNavigationCheck</b><br>Test class: com.dreamorbit.scripts.LabelOptionsNavigationFlowCheck<br/>
<a href="#Output-2031044915" onClick='toggleBox("Output-2031044915", this, "Show output", "Hide output");'>Show output</a>

<a href="#Output-2031044915" onClick="toggleAllBoxes();">Show all outputs</a>
<div class='log' id="Output-2031044915">
TotalParticipant Navigation Check testcase is passed<br/>
TotalResearcher Navigation Check testcase is passed<br/>
</div>
</td>
<td></td>
<td>19</td>
<td>com.dreamorbit.scripts.LabelOptionsNavigationFlowCheck@614ddd49</td></tr>
<tr>
<td title='com.dreamorbit.scripts.LogoutVerification.verifyLogout()'><b>verifyLogout</b><br>Test class: com.dreamorbit.scripts.LogoutVerification<br/>
<a href="#Output-1624788833" onClick='toggleBox("Output-1624788833", this, "Show output", "Hide output");'>Show output</a>

<a href="#Output-1624788833" onClick="toggleAllBoxes();">Show all outputs</a>
<div class='log' id="Output-1624788833">
Logout Cancel button functionality is passed<br/>
Logout success testcase is passed<br/>
</div>
</td>
<td></td>
<td>31</td>
<td>com.dreamorbit.scripts.LogoutVerification@6737fd8f</td></tr>
</table><p>
</body>
</html>