<?xml version="1.0" encoding="UTF-8"?>
<!-- Generated by org.testng.reporters.JUnitReportReporter -->
<testsuite skipped="1" hostname="dosysnet071" name="com.dreamorbit.scripts.JsonDownloadCheck" tests="2" failures="0" timestamp="2019-11-01T14:34:58 IST" time="4.438" errors="1">
  <testcase name="launchAPP" time="4.438" classname="com.dreamorbit.scripts.JsonDownloadCheck">
    <error type="org.openqa.selenium.SessionNotCreatedException" message="session not created
from chrome not reachable
  (Session info: chrome=77.0.3865.120)
Build info: version: &#039;3.141.59&#039;, revision: &#039;e82be7d358&#039;, time: &#039;2018-11-14T08:17:03&#039;
System info: host: &#039;DOSYSNET071&#039;, ip: &#039;172.30.244.134&#039;, os.name: &#039;Windows 8.1&#039;, os.arch: &#039;amd64&#039;, os.version: &#039;6.3&#039;, java.version: &#039;1.8.0_191&#039;
Driver info: driver.version: ChromeDriver
remote stacktrace: Backtrace:
	Ordinal0 [0x00C0EB13+1501971]
	Ordinal0 [0x00B8F6D1+980689]
	Ordinal0 [0x00B17508+488712]
	Ordinal0 [0x00B1131A+463642]
	Ordinal0 [0x00B11D38+466232]
	Ordinal0 [0x00B12AA5+469669]
	Ordinal0 [0x00B0EC85+453765]
	Ordinal0 [0x00B18330+492336]
	Ordinal0 [0x00ACA108+172296]
	Ordinal0 [0x00AC942D+169005]
	Ordinal0 [0x00AC78EB+162027]
	Ordinal0 [0x00AB0AC7+68295]
	Ordinal0 [0x00AB1B40+72512]
	Ordinal0 [0x00AB1AD9+72409]
	Ordinal0 [0x00BA8F37+1085239]
	GetHandleVerifier [0x00CAD7ED+503293]
	GetHandleVerifier [0x00CAD580+502672]
	GetHandleVerifier [0x00CB46AC+531644]
	GetHandleVerifier [0x00CADFFA+505354]
	Ordinal0 [0x00BA0606+1050118]
	Ordinal0 [0x00BA047F+1049727]
	Ordinal0 [0x00BAAF9B+1093531]
	Ordinal0 [0x00BAB103+1093891]
	Ordinal0 [0x00BAA095+1089685]
	BaseThreadInitThunk [0x75186A14+36]
	RtlInitializeExceptionChain [0x7785AD8F+143]
	RtlInitializeExceptionChain [0x7785AD5A+90]
">
      <![CDATA[org.openqa.selenium.SessionNotCreatedException: session not created
from chrome not reachable
  (Session info: chrome=77.0.3865.120)
Build info: version: '3.141.59', revision: 'e82be7d358', time: '2018-11-14T08:17:03'
System info: host: 'DOSYSNET071', ip: '172.30.244.134', os.name: 'Windows 8.1', os.arch: 'amd64', os.version: '6.3', java.version: '1.8.0_191'
Driver info: driver.version: ChromeDriver
remote stacktrace: Backtrace:
Ordinal0 [0x00C0EB13+1501971]
Ordinal0 [0x00B8F6D1+980689]
Ordinal0 [0x00B17508+488712]
Ordinal0 [0x00B1131A+463642]
Ordinal0 [0x00B11D38+466232]
Ordinal0 [0x00B12AA5+469669]
Ordinal0 [0x00B0EC85+453765]
Ordinal0 [0x00B18330+492336]
Ordinal0 [0x00ACA108+172296]
Ordinal0 [0x00AC942D+169005]
Ordinal0 [0x00AC78EB+162027]
Ordinal0 [0x00AB0AC7+68295]
Ordinal0 [0x00AB1B40+72512]
Ordinal0 [0x00AB1AD9+72409]
Ordinal0 [0x00BA8F37+1085239]
GetHandleVerifier [0x00CAD7ED+503293]
GetHandleVerifier [0x00CAD580+502672]
GetHandleVerifier [0x00CB46AC+531644]
GetHandleVerifier [0x00CADFFA+505354]
Ordinal0 [0x00BA0606+1050118]
Ordinal0 [0x00BA047F+1049727]
Ordinal0 [0x00BAAF9B+1093531]
Ordinal0 [0x00BAB103+1093891]
Ordinal0 [0x00BAA095+1089685]
BaseThreadInitThunk [0x75186A14+36]
RtlInitializeExceptionChain [0x7785AD8F+143]
RtlInitializeExceptionChain [0x7785AD5A+90]

at sun.reflect.NativeConstructorAccessorImpl.newInstance0(Native Method)
at sun.reflect.NativeConstructorAccessorImpl.newInstance(Unknown Source)
at sun.reflect.DelegatingConstructorAccessorImpl.newInstance(Unknown Source)
at java.lang.reflect.Constructor.newInstance(Unknown Source)
at org.openqa.selenium.remote.W3CHandshakeResponse.lambda$errorHandler$0(W3CHandshakeResponse.java:62)
at org.openqa.selenium.remote.HandshakeResponse.lambda$getResponseFunction$0(HandshakeResponse.java:30)
at org.openqa.selenium.remote.ProtocolHandshake.lambda$createSession$0(ProtocolHandshake.java:126)
at java.util.stream.ReferencePipeline$3$1.accept(Unknown Source)
at java.util.Spliterators$ArraySpliterator.tryAdvance(Unknown Source)
at java.util.stream.ReferencePipeline.forEachWithCancel(Unknown Source)
at java.util.stream.AbstractPipeline.copyIntoWithCancel(Unknown Source)
at java.util.stream.AbstractPipeline.copyInto(Unknown Source)
at java.util.stream.AbstractPipeline.wrapAndCopyInto(Unknown Source)
at java.util.stream.FindOps$FindOp.evaluateSequential(Unknown Source)
at java.util.stream.AbstractPipeline.evaluate(Unknown Source)
at java.util.stream.ReferencePipeline.findFirst(Unknown Source)
at org.openqa.selenium.remote.ProtocolHandshake.createSession(ProtocolHandshake.java:128)
at org.openqa.selenium.remote.ProtocolHandshake.createSession(ProtocolHandshake.java:74)
at org.openqa.selenium.remote.HttpCommandExecutor.execute(HttpCommandExecutor.java:136)
at org.openqa.selenium.remote.service.DriverCommandExecutor.execute(DriverCommandExecutor.java:83)
at org.openqa.selenium.remote.RemoteWebDriver.execute(RemoteWebDriver.java:552)
at org.openqa.selenium.remote.RemoteWebDriver.startSession(RemoteWebDriver.java:213)
at org.openqa.selenium.remote.RemoteWebDriver.<init>(RemoteWebDriver.java:131)
at org.openqa.selenium.chrome.ChromeDriver.<init>(ChromeDriver.java:181)
at org.openqa.selenium.chrome.ChromeDriver.<init>(ChromeDriver.java:168)
at org.openqa.selenium.chrome.ChromeDriver.<init>(ChromeDriver.java:123)
at com.dreamorbit.generic.BaseTest.launchAPP(BaseTest.java:23)
at sun.reflect.NativeMethodAccessorImpl.invoke0(Native Method)
at sun.reflect.NativeMethodAccessorImpl.invoke(Unknown Source)
at sun.reflect.DelegatingMethodAccessorImpl.invoke(Unknown Source)
at java.lang.reflect.Method.invoke(Unknown Source)
at org.testng.internal.MethodInvocationHelper.invokeMethod(MethodInvocationHelper.java:133)
at org.testng.internal.MethodInvocationHelper.invokeMethodConsideringTimeout(MethodInvocationHelper.java:62)
at org.testng.internal.ConfigInvoker.invokeConfigurationMethod(ConfigInvoker.java:340)
at org.testng.internal.ConfigInvoker.invokeConfigurations(ConfigInvoker.java:294)
at org.testng.internal.TestInvoker.runConfigMethods(TestInvoker.java:683)
at org.testng.internal.TestInvoker.invokeMethod(TestInvoker.java:510)
at org.testng.internal.TestInvoker.invokeTestMethod(TestInvoker.java:172)
at org.testng.internal.MethodRunner.runInSequence(MethodRunner.java:46)
at org.testng.internal.TestInvoker$MethodInvocationAgent.invoke(TestInvoker.java:804)
at org.testng.internal.TestInvoker.invokeTestMethods(TestInvoker.java:145)
at org.testng.internal.TestMethodWorker.invokeTestMethods(TestMethodWorker.java:146)
at org.testng.internal.TestMethodWorker.run(TestMethodWorker.java:128)
at java.util.ArrayList.forEach(Unknown Source)
at org.testng.TestRunner.privateRun(TestRunner.java:770)
at org.testng.TestRunner.run(TestRunner.java:591)
at org.testng.SuiteRunner.runTest(SuiteRunner.java:402)
at org.testng.SuiteRunner.runSequentially(SuiteRunner.java:396)
at org.testng.SuiteRunner.privateRun(SuiteRunner.java:355)
at org.testng.SuiteRunner.run(SuiteRunner.java:304)
at org.testng.SuiteRunnerWorker.runSuite(SuiteRunnerWorker.java:53)
at org.testng.SuiteRunnerWorker.run(SuiteRunnerWorker.java:96)
at org.testng.TestNG.runSuitesSequentially(TestNG.java:1180)
at org.testng.TestNG.runSuitesLocally(TestNG.java:1102)
at org.testng.TestNG.runSuites(TestNG.java:1032)
at org.testng.TestNG.run(TestNG.java:1000)
at org.testng.remote.AbstractRemoteTestNG.run(AbstractRemoteTestNG.java:115)
at org.testng.remote.RemoteTestNG.initAndRun(RemoteTestNG.java:251)
at org.testng.remote.RemoteTestNG.main(RemoteTestNG.java:77)
]]>
    </error>
  </testcase> <!-- launchAPP -->
  <testcase name="jsonDownloadCheck" time="0.000" classname="com.dreamorbit.scripts.JsonDownloadCheck">
    <skipped/>
  </testcase> <!-- jsonDownloadCheck -->
</testsuite> <!-- com.dreamorbit.scripts.JsonDownloadCheck -->
